#
# A fatal error has been detected by the Java Runtime Environment:
#
#  EXCEPTION_ACCESS_VIOLATION (0xc0000005) at pc=0x00007fffbe21c16a, pid=984, tid=0x0000000000005784
#
# JRE version: Java(TM) SE Runtime Environment (8.0_152-b16) (build 1.8.0_152-b16)
# Java VM: Java HotSpot(TM) 64-Bit Server VM (25.152-b16 mixed mode windows-amd64 compressed oops)
# Problematic frame:
# C  [bulletjme.dll+0x2c16a]
#
# Failed to write core dump. Minidumps are not enabled by default on client versions of Windows
#
# If you would like to submit a bug report, please visit:
#   http://bugreport.java.com/bugreport/crash.jsp
# The crash happened outside the Java Virtual Machine in native code.
# See problematic frame for where to report the bug.
#

---------------  T H R E A D  ---------------

Current thread (0x0000000002d89800):  JavaThread "Finalizer" daemon [_thread_in_native, id=22404, stack(0x0000000018bb0000,0x0000000018cb0000)]

siginfo: ExceptionCode=0xc0000005, reading address 0x0000000021da4a68

Registers:
RAX=0x0000000021da4950, RBX=0x00000000263ddbc8, RCX=0x0000000021da4950, RDX=0x0000000021b7bfa0
RSP=0x0000000018caebe8, RBP=0x0000000018caf030, RSI=0x0000000000000138, RDI=0x0000000000002b7d
R8 =0x0000000021b7d220, R9 =0x0000000021d97bb0, R10=0x00000000546c6148, R11=0x00001f774a7f2d4f
R12=0x0000000000000000, R13=0x00000000263ddbc8, R14=0x0000000018caf060, R15=0x0000000002d89800
RIP=0x00007fffbe21c16a, EFLAGS=0x0000000000010206

Top of Stack: (sp=0x0000000018caebe8)
0x0000000018caebe8:   00007fffbe3437f3 0000000021da4950
0x0000000018caebf8:   0000000000000138 00000000010370b0
0x0000000018caec08:   00007fffbe2a0320 0000000000000001
0x0000000018caec18:   00007fffbe34370b 0000000021da4950
0x0000000018caec28:   00007fffbe2b9a26 00000000010af598
0x0000000018caec38:   0000000000000000 0000000000000000
0x0000000018caec48:   0000000000000003 00000000010407c0
0x0000000018caec58:   0000000021da4950 0000000021efa7f0
0x0000000018caec68:   00007fffbe2b80af 000000001cfde190
0x0000000018caec78:   0000000021b7bfa0 0000000021b7d220
0x0000000018caec88:   0000000021d97bb0 ffffffff00000000
0x0000000018caec98:   0000000400000000 00000006be3baf50
0x0000000018caeca8:   0000000021e620b0 0000000318caed44
0x0000000018caecb8:   30a4c43e18caed48 0000000000000002
0x0000000018caecc8:   0000000000000000 00007fffbe3baf50
0x0000000018caecd8:   00007fffbe35a5da 0000000021cb9b60 

Instructions: (pc=0x00007fffbe21c16a)
0x00007fffbe21c14a:   8b 44 24 30 48 83 c0 10 48 8b c8 e8 56 21 00 00
0x00007fffbe21c15a:   48 83 c4 28 c3 cc 48 89 4c 24 08 48 8b 44 24 08
0x00007fffbe21c16a:   8b 80 18 01 00 00 c3 cc cc cc cc cc cc cc cc cc
0x00007fffbe21c17a:   cc cc cc cc cc cc 48 89 4c 24 08 48 8b 44 24 08 


Register to memory mapping:

RAX=0x0000000021da4950 is an unknown value
RBX={method} {0x00000000263ddbd0} 'finalizeNative' '(J)V' in 'com/jme3/bullet/PhysicsSpace'
RCX=0x0000000021da4950 is an unknown value
RDX=0x0000000021b7bfa0 is an unknown value
RSP=0x0000000018caebe8 is pointing into the stack for thread: 0x0000000002d89800
RBP=0x0000000018caf030 is pointing into the stack for thread: 0x0000000002d89800
RSI=0x0000000000000138 is an unknown value
RDI=0x0000000000002b7d is an unknown value
R8 =0x0000000021b7d220 is an unknown value
R9 =0x0000000021d97bb0 is an unknown value
R10=0x00000000546c6148 is an unknown value
R11=0x00001f774a7f2d4f is an unknown value
R12=0x0000000000000000 is an unknown value
R13={method} {0x00000000263ddbd0} 'finalizeNative' '(J)V' in 'com/jme3/bullet/PhysicsSpace'
R14=0x0000000018caf060 is pointing into the stack for thread: 0x0000000002d89800
R15=0x0000000002d89800 is a thread


Stack: [0x0000000018bb0000,0x0000000018cb0000],  sp=0x0000000018caebe8,  free space=1018k
Native frames: (J=compiled Java code, j=interpreted, Vv=VM code, C=native code)
C  [bulletjme.dll+0x2c16a]

Java frames: (J=compiled Java code, j=interpreted, Vv=VM code)
j  com.jme3.bullet.PhysicsSpace.finalizeNative(J)V+0
j  com.jme3.bullet.PhysicsSpace.finalize()V+34
J 1266 C1 java.lang.ref.Finalizer.runFinalizer(Lsun/misc/JavaLangAccess;)V (62 bytes) @ 0x00000000031d87cc [0x00000000031d8240+0x58c]
J 1265 C1 java.lang.ref.Finalizer.access$100(Ljava/lang/ref/Finalizer;Lsun/misc/JavaLangAccess;)V (6 bytes) @ 0x00000000031d7edc [0x00000000031d7e80+0x5c]
j  java.lang.ref.Finalizer$FinalizerThread.run()V+45
v  ~StubRoutines::call_stub

---------------  P R O C E S S  ---------------

Java Threads: ( => current thread )
  0x0000000019eeb000 JavaThread "AWT-Shutdown" [_thread_blocked, id=4844, stack(0x000000001a660000,0x000000001a760000)]
  0x0000000019ee8800 JavaThread "Thread-1" daemon [_thread_in_native, id=14872, stack(0x00000000010e0000,0x00000000011e0000)]
  0x0000000002c92800 JavaThread "DestroyJavaVM" [_thread_blocked, id=1488, stack(0x0000000002b90000,0x0000000002c90000)]
  0x0000000019df7000 JavaThread "TimerQueue" daemon [_thread_blocked, id=17972, stack(0x000000001bdd0000,0x000000001bed0000)]
  0x0000000019ad5800 JavaThread "Java2D Disposer" daemon [_thread_blocked, id=25448, stack(0x000000001a200000,0x000000001a300000)]
  0x00000000192f0800 JavaThread "Service Thread" daemon [_thread_blocked, id=1752, stack(0x00000000196c0000,0x00000000197c0000)]
  0x000000001794a000 JavaThread "C1 CompilerThread2" daemon [_thread_blocked, id=19520, stack(0x00000000191c0000,0x00000000192c0000)]
  0x0000000017947000 JavaThread "C2 CompilerThread1" daemon [_thread_blocked, id=10036, stack(0x00000000190c0000,0x00000000191c0000)]
  0x000000001793e800 JavaThread "C2 CompilerThread0" daemon [_thread_blocked, id=9976, stack(0x0000000018fc0000,0x00000000190c0000)]
  0x000000001793d800 JavaThread "Attach Listener" daemon [_thread_blocked, id=4172, stack(0x0000000018ec0000,0x0000000018fc0000)]
  0x0000000002d8e000 JavaThread "Signal Dispatcher" daemon [_thread_blocked, id=7996, stack(0x0000000018dc0000,0x0000000018ec0000)]
=>0x0000000002d89800 JavaThread "Finalizer" daemon [_thread_in_native, id=22404, stack(0x0000000018bb0000,0x0000000018cb0000)]
  0x0000000002d83000 JavaThread "Reference Handler" daemon [_thread_blocked, id=7964, stack(0x0000000018ab0000,0x0000000018bb0000)]

Other Threads:
  0x0000000017906800 VMThread [stack: 0x00000000189b0000,0x0000000018ab0000] [id=14428]
  0x000000001799e000 WatcherThread [stack: 0x00000000197c0000,0x00000000198c0000] [id=24924]

VM state:not at safepoint (normal execution)

VM Mutex/Monitor currently owned by a thread: None

Heap:
 PSYoungGen      total 37888K, used 6237K [0x00000000d5c00000, 0x00000000d8e00000, 0x0000000100000000)
  eden space 32768K, 3% used [0x00000000d5c00000,0x00000000d5d1ff00,0x00000000d7c00000)
  from space 5120K, 99% used [0x00000000d7c80000,0x00000000d81775c8,0x00000000d8180000)
  to   space 9216K, 0% used [0x00000000d8500000,0x00000000d8500000,0x00000000d8e00000)
 ParOldGen       total 87552K, used 4899K [0x0000000081400000, 0x0000000086980000, 0x00000000d5c00000)
  object space 87552K, 5% used [0x0000000081400000,0x00000000818c8e70,0x0000000086980000)
 Metaspace       used 19101K, capacity 19293K, committed 19712K, reserved 1067008K
  class space    used 2154K, capacity 2234K, committed 2304K, reserved 1048576K

Card table byte_map: [0x0000000012160000,0x0000000012560000] byte_map_base: 0x0000000011d56000

Marking Bits: (ParMarkBitMap*) 0x00000000737b0860
 Begin Bits: [0x0000000012c10000, 0x0000000014bc0000)
 End Bits:   [0x0000000014bc0000, 0x0000000016b70000)

Polling page: 0x0000000002b50000

CodeCache: size=245760Kb used=9389Kb max_used=9389Kb free=236370Kb
 bounds [0x0000000002da0000, 0x00000000036e0000, 0x0000000011da0000]
 total_blobs=3216 nmethods=2562 adapters=566
 compilation: enabled

Compilation events (10 events):
Event: 77.335 Thread 0x000000001794a000 2573       1       java.nio.DirectByteBuffer::isDirect (2 bytes)
Event: 77.336 Thread 0x000000001794a000 nmethod 2573 0x00000000036a5490 code [0x00000000036a55e0, 0x00000000036a56f0]
Event: 80.048 Thread 0x000000001794a000 2574       3       com.jme3.bounding.BoundingBox::containAABB (369 bytes)
Event: 80.053 Thread 0x000000001794a000 nmethod 2574 0x00000000036bcdd0 code [0x00000000036bd080, 0x00000000036be118]
Event: 80.498 Thread 0x000000001794a000 2575       3       java.util.HashMap$ValueIterator::next (8 bytes)
Event: 80.498 Thread 0x000000001794a000 nmethod 2575 0x0000000002ec4e90 code [0x0000000002ec5000, 0x0000000002ec5208]
Event: 80.845 Thread 0x000000001794a000 2576       3       java.util.logging.LogManager$LoggerContext::ensureInitialized (24 bytes)
Event: 80.846 Thread 0x000000001794a000 nmethod 2576 0x00000000036bc190 code [0x00000000036bc340, 0x00000000036bcb68]
Event: 80.846 Thread 0x000000001794a000 2577  s    3       java.util.logging.LogManager$LoggerContext::findLogger (40 bytes)
Event: 80.848 Thread 0x000000001794a000 nmethod 2577 0x0000000002ed4c90 code [0x0000000002ed4ea0, 0x0000000002ed5d68]

GC Heap History (10 events):
Event: 3.126 GC heap before
{Heap before GC invocations=1 (full 0):
 PSYoungGen      total 38400K, used 33280K [0x00000000d5c00000, 0x00000000d8680000, 0x0000000100000000)
  eden space 33280K, 100% used [0x00000000d5c00000,0x00000000d7c80000,0x00000000d7c80000)
  from space 5120K, 0% used [0x00000000d8180000,0x00000000d8180000,0x00000000d8680000)
  to   space 5120K, 0% used [0x00000000d7c80000,0x00000000d7c80000,0x00000000d8180000)
 ParOldGen       total 87552K, used 0K [0x0000000081400000, 0x0000000086980000, 0x00000000d5c00000)
  object space 87552K, 0% used [0x0000000081400000,0x0000000081400000,0x0000000086980000)
 Metaspace       used 18034K, capacity 18295K, committed 18688K, reserved 1064960K
  class space    used 2110K, capacity 2201K, committed 2304K, reserved 1048576K
Event: 3.132 GC heap after
Heap after GC invocations=1 (full 0):
 PSYoungGen      total 38400K, used 5100K [0x00000000d5c00000, 0x00000000d8680000, 0x0000000100000000)
  eden space 33280K, 0% used [0x00000000d5c00000,0x00000000d5c00000,0x00000000d7c80000)
  from space 5120K, 99% used [0x00000000d7c80000,0x00000000d817b320,0x00000000d8180000)
  to   space 5120K, 0% used [0x00000000d8180000,0x00000000d8180000,0x00000000d8680000)
 ParOldGen       total 87552K, used 3861K [0x0000000081400000, 0x0000000086980000, 0x00000000d5c00000)
  object space 87552K, 4% used [0x0000000081400000,0x00000000817c5780,0x0000000086980000)
 Metaspace       used 18034K, capacity 18295K, committed 18688K, reserved 1064960K
  class space    used 2110K, capacity 2201K, committed 2304K, reserved 1048576K
}
Event: 31.346 GC heap before
{Heap before GC invocations=2 (full 0):
 PSYoungGen      total 38400K, used 38380K [0x00000000d5c00000, 0x00000000d8680000, 0x0000000100000000)
  eden space 33280K, 100% used [0x00000000d5c00000,0x00000000d7c80000,0x00000000d7c80000)
  from space 5120K, 99% used [0x00000000d7c80000,0x00000000d817b320,0x00000000d8180000)
  to   space 5120K, 0% used [0x00000000d8180000,0x00000000d8180000,0x00000000d8680000)
 ParOldGen       total 87552K, used 3861K [0x0000000081400000, 0x0000000086980000, 0x00000000d5c00000)
  object space 87552K, 4% used [0x0000000081400000,0x00000000817c5780,0x0000000086980000)
 Metaspace       used 19011K, capacity 19293K, committed 19712K, reserved 1067008K
  class space    used 2151K, capacity 2234K, committed 2304K, reserved 1048576K
Event: 31.354 GC heap after
Heap after GC invocations=2 (full 0):
 PSYoungGen      total 38400K, used 5089K [0x00000000d5c00000, 0x00000000d8680000, 0x0000000100000000)
  eden space 33280K, 0% used [0x00000000d5c00000,0x00000000d5c00000,0x00000000d7c80000)
  from space 5120K, 99% used [0x00000000d8180000,0x00000000d8678468,0x00000000d8680000)
  to   space 5120K, 0% used [0x00000000d7c80000,0x00000000d7c80000,0x00000000d8180000)
 ParOldGen       total 87552K, used 4539K [0x0000000081400000, 0x0000000086980000, 0x00000000d5c00000)
  object space 87552K, 5% used [0x0000000081400000,0x000000008186ed28,0x0000000086980000)
 Metaspace       used 19011K, capacity 19293K, committed 19712K, reserved 1067008K
  class space    used 2151K, capacity 2234K, committed 2304K, reserved 1048576K
}
Event: 51.139 GC heap before
{Heap before GC invocations=3 (full 0):
 PSYoungGen      total 38400K, used 38369K [0x00000000d5c00000, 0x00000000d8680000, 0x0000000100000000)
  eden space 33280K, 100% used [0x00000000d5c00000,0x00000000d7c80000,0x00000000d7c80000)
  from space 5120K, 99% used [0x00000000d8180000,0x00000000d8678468,0x00000000d8680000)
  to   space 5120K, 0% used [0x00000000d7c80000,0x00000000d7c80000,0x00000000d8180000)
 ParOldGen       total 87552K, used 4539K [0x0000000081400000, 0x0000000086980000, 0x00000000d5c00000)
  object space 87552K, 5% used [0x0000000081400000,0x000000008186ed28,0x0000000086980000)
 Metaspace       used 19062K, capacity 19293K, committed 19712K, reserved 1067008K
  class space    used 2153K, capacity 2234K, committed 2304K, reserved 1048576K
Event: 51.146 GC heap after
Heap after GC invocations=3 (full 0):
 PSYoungGen      total 38400K, used 5119K [0x00000000d5c00000, 0x00000000d8680000, 0x0000000100000000)
  eden space 33280K, 0% used [0x00000000d5c00000,0x00000000d5c00000,0x00000000d7c80000)
  from space 5120K, 99% used [0x00000000d7c80000,0x00000000d817fd18,0x00000000d8180000)
  to   space 5120K, 0% used [0x00000000d8180000,0x00000000d8180000,0x00000000d8680000)
 ParOldGen       total 87552K, used 4715K [0x0000000081400000, 0x0000000086980000, 0x00000000d5c00000)
  object space 87552K, 5% used [0x0000000081400000,0x000000008189ae70,0x0000000086980000)
 Metaspace       used 19062K, capacity 19293K, committed 19712K, reserved 1067008K
  class space    used 2153K, capacity 2234K, committed 2304K, reserved 1048576K
}
Event: 68.194 GC heap before
{Heap before GC invocations=4 (full 0):
 PSYoungGen      total 38400K, used 38399K [0x00000000d5c00000, 0x00000000d8680000, 0x0000000100000000)
  eden space 33280K, 100% used [0x00000000d5c00000,0x00000000d7c80000,0x00000000d7c80000)
  from space 5120K, 99% used [0x00000000d7c80000,0x00000000d817fd18,0x00000000d8180000)
  to   space 5120K, 0% used [0x00000000d8180000,0x00000000d8180000,0x00000000d8680000)
 ParOldGen       total 87552K, used 4715K [0x0000000081400000, 0x0000000086980000, 0x00000000d5c00000)
  object space 87552K, 5% used [0x0000000081400000,0x000000008189ae70,0x0000000086980000)
 Metaspace       used 19086K, capacity 19293K, committed 19712K, reserved 1067008K
  class space    used 2153K, capacity 2234K, committed 2304K, reserved 1048576K
Event: 68.203 GC heap after
Heap after GC invocations=4 (full 0):
 PSYoungGen      total 38400K, used 5117K [0x00000000d5c00000, 0x00000000d8680000, 0x0000000100000000)
  eden space 33280K, 0% used [0x00000000d5c00000,0x00000000d5c00000,0x00000000d7c80000)
  from space 5120K, 99% used [0x00000000d8180000,0x00000000d867f5c8,0x00000000d8680000)
  to   space 5120K, 0% used [0x00000000d7c80000,0x00000000d7c80000,0x00000000d8180000)
 ParOldGen       total 87552K, used 4891K [0x0000000081400000, 0x0000000086980000, 0x00000000d5c00000)
  object space 87552K, 5% used [0x0000000081400000,0x00000000818c6e70,0x0000000086980000)
 Metaspace       used 19086K, capacity 19293K, committed 19712K, reserved 1067008K
  class space    used 2153K, capacity 2234K, committed 2304K, reserved 1048576K
}
Event: 80.831 GC heap before
{Heap before GC invocations=5 (full 0):
 PSYoungGen      total 38400K, used 38397K [0x00000000d5c00000, 0x00000000d8680000, 0x0000000100000000)
  eden space 33280K, 100% used [0x00000000d5c00000,0x00000000d7c80000,0x00000000d7c80000)
  from space 5120K, 99% used [0x00000000d8180000,0x00000000d867f5c8,0x00000000d8680000)
  to   space 5120K, 0% used [0x00000000d7c80000,0x00000000d7c80000,0x00000000d8180000)
 ParOldGen       total 87552K, used 4891K [0x0000000081400000, 0x0000000086980000, 0x00000000d5c00000)
  object space 87552K, 5% used [0x0000000081400000,0x00000000818c6e70,0x0000000086980000)
 Metaspace       used 19098K, capacity 19293K, committed 19712K, reserved 1067008K
  class space    used 2154K, capacity 2234K, committed 2304K, reserved 1048576K
Event: 80.843 GC heap after
Heap after GC invocations=5 (full 0):
 PSYoungGen      total 37888K, used 5085K [0x00000000d5c00000, 0x00000000d8e00000, 0x0000000100000000)
  eden space 32768K, 0% used [0x00000000d5c00000,0x00000000d5c00000,0x00000000d7c00000)
  from space 5120K, 99% used [0x00000000d7c80000,0x00000000d81775c8,0x00000000d8180000)
  to   space 9216K, 0% used [0x00000000d8500000,0x00000000d8500000,0x00000000d8e00000)
 ParOldGen       total 87552K, used 4899K [0x0000000081400000, 0x0000000086980000, 0x00000000d5c00000)
  object space 87552K, 5% used [0x0000000081400000,0x00000000818c8e70,0x0000000086980000)
 Metaspace       used 19098K, capacity 19293K, committed 19712K, reserved 1067008K
  class space    used 2154K, capacity 2234K, committed 2304K, reserved 1048576K
}

Deoptimization events (10 events):
Event: 46.787 Thread 0x0000000019da6800 Uncommon trap: reason=unstable_if action=reinterpret pc=0x00000000035caef0 method=com.jme3.renderer.queue.OpaqueComparator.distanceToCam(Lcom/jme3/scene/Geometry;)F @ 14
Event: 46.787 Thread 0x0000000019da6800 Uncommon trap: reason=unstable_if action=reinterpret pc=0x000000000358b100 method=com.jme3.renderer.queue.OpaqueComparator.distanceToCam(Lcom/jme3/scene/Geometry;)F @ 14
Event: 46.792 Thread 0x0000000019da6800 Uncommon trap: reason=unstable_if action=reinterpret pc=0x000000000332db44 method=java.lang.Integer.getChars(II[C)V @ 20
Event: 46.811 Thread 0x0000000019da6800 Uncommon trap: reason=unstable_if action=reinterpret pc=0x000000000329f214 method=java.lang.Integer.getChars(II[C)V @ 20
Event: 48.899 Thread 0x0000000019da6800 Uncommon trap: reason=unstable_if action=reinterpret pc=0x00000000035d7a6c method=mygame.AsteroidsMain.collision(Lcom/jme3/bullet/collision/PhysicsCollisionEvent;)V @ 161
Event: 67.031 Thread 0x0000000019da6800 Uncommon trap: reason=unstable_if action=reinterpret pc=0x00000000035e6110 method=mygame.AsteroidsMain.simpleUpdate(F)V @ 43
Event: 67.032 Thread 0x0000000019da6800 Uncommon trap: reason=unstable_if action=reinterpret pc=0x00000000035f0274 method=mygame.AsteroidsMain.simpleUpdate(F)V @ 43
Event: 67.033 Thread 0x0000000019da6800 Uncommon trap: reason=unstable_if action=reinterpret pc=0x00000000035f913c method=mygame.AsteroidsMain.simpleUpdate(F)V @ 43
Event: 67.034 Thread 0x0000000019da6800 Uncommon trap: reason=unstable_if action=reinterpret pc=0x00000000035c8c2c method=mygame.AsteroidsMain.simpleUpdate(F)V @ 43
Event: 80.497 Thread 0x0000000019da6800 Uncommon trap: reason=unstable_if action=reinterpret pc=0x00000000036365e4 method=com.jme3.util.IntMap$IntMapIterator.next()Lcom/jme3/util/IntMap$Entry; @ 28

Classes redefined (0 events):
No events

Internal exceptions (10 events):
Event: 0.290 Thread 0x0000000019b2b800 Exception <a 'java/lang/NoClassDefFoundError'> (0x00000000d62b60a8) thrown at [C:\re\workspace\8-2-build-windows-amd64-cygwin\jdk8u152\9742\hotspot\src\share\vm\prims\jvm.cpp, line 1394]
Event: 2.575 Thread 0x0000000019da6800 Exception <a 'java/security/PrivilegedActionException'> (0x00000000d737ff18) thrown at [C:\re\workspace\8-2-build-windows-amd64-cygwin\jdk8u152\9742\hotspot\src\share\vm\prims\jvm.cpp, line 1390]
Event: 2.575 Thread 0x0000000019da6800 Exception <a 'java/security/PrivilegedActionException'> (0x00000000d7381a88) thrown at [C:\re\workspace\8-2-build-windows-amd64-cygwin\jdk8u152\9742\hotspot\src\share\vm\prims\jvm.cpp, line 1390]
Event: 2.575 Thread 0x0000000019da6800 Exception <a 'java/security/PrivilegedActionException'> (0x00000000d7382ba8) thrown at [C:\re\workspace\8-2-build-windows-amd64-cygwin\jdk8u152\9742\hotspot\src\share\vm\prims\jvm.cpp, line 1390]
Event: 2.575 Thread 0x0000000019da6800 Exception <a 'java/security/PrivilegedActionException'> (0x00000000d7387cc8) thrown at [C:\re\workspace\8-2-build-windows-amd64-cygwin\jdk8u152\9742\hotspot\src\share\vm\prims\jvm.cpp, line 1390]
Event: 2.575 Thread 0x0000000019da6800 Exception <a 'java/security/PrivilegedActionException'> (0x00000000d7388920) thrown at [C:\re\workspace\8-2-build-windows-amd64-cygwin\jdk8u152\9742\hotspot\src\share\vm\prims\jvm.cpp, line 1390]
Event: 2.575 Thread 0x0000000019da6800 Exception <a 'java/security/PrivilegedActionException'> (0x00000000d7389548) thrown at [C:\re\workspace\8-2-build-windows-amd64-cygwin\jdk8u152\9742\hotspot\src\share\vm\prims\jvm.cpp, line 1390]
Event: 26.767 Thread 0x0000000019da6800 Implicit null exception at 0x00000000034149df to 0x00000000034189c9
Event: 46.767 Thread 0x0000000019da6800 Implicit null exception at 0x00000000033ff447 to 0x00000000034016b5
Event: 80.804 Thread 0x000000001a187000 Exception <a 'java/lang/InterruptedException': sleep interrupted> (0x00000000d7c7c150) thrown at [C:\re\workspace\8-2-build-windows-amd64-cygwin\jdk8u152\9742\hotspot\src\share\vm\prims\jvm.cpp, line 3228]

Events (10 events):
Event: 80.804 Thread 0x000000001a187000 Thread exited: 0x000000001a187000
Event: 80.831 Thread 0x0000000019da6800 Thread exited: 0x0000000019da6800
Event: 80.831 Executing VM operation: ParallelGCFailedAllocation
Event: 80.843 Executing VM operation: ParallelGCFailedAllocation done
Event: 80.843 Thread 0x0000000019ee8800 Thread added: 0x0000000019ee8800
Event: 80.843 Thread 0x0000000019ee8000 Thread added: 0x0000000019ee8000
Event: 80.843 Thread 0x0000000019eeb000 Thread added: 0x0000000019eeb000
Event: 80.844 Thread 0x0000000019eeb000 Thread exited: 0x0000000019eeb000
Event: 80.844 Thread 0x0000000019eeb000 Thread added: 0x0000000019eeb000
Event: 80.845 Thread 0x0000000019ee8000 Thread exited: 0x0000000019ee8000


Dynamic libraries:
0x00007ff658890000 - 0x00007ff6588c7000 	C:\Program Files\jmonkeyplatform\jdk\bin\java.exe
0x00007ffff4870000 - 0x00007ffff4a65000 	C:\WINDOWS\SYSTEM32\ntdll.dll
0x00007ffff2ba0000 - 0x00007ffff2c5e000 	C:\WINDOWS\System32\KERNEL32.DLL
0x00007ffff1fd0000 - 0x00007ffff2298000 	C:\WINDOWS\System32\KERNELBASE.dll
0x00007ffff2ac0000 - 0x00007ffff2b6c000 	C:\WINDOWS\System32\ADVAPI32.dll
0x00007ffff4790000 - 0x00007ffff482e000 	C:\WINDOWS\System32\msvcrt.dll
0x00007ffff3cf0000 - 0x00007ffff3d8b000 	C:\WINDOWS\System32\sechost.dll
0x00007ffff2ca0000 - 0x00007ffff2dca000 	C:\WINDOWS\System32\RPCRT4.dll
0x00007ffff3d90000 - 0x00007ffff3f31000 	C:\WINDOWS\System32\USER32.dll
0x00007ffff25b0000 - 0x00007ffff25d2000 	C:\WINDOWS\System32\win32u.dll
0x00007ffff2c60000 - 0x00007ffff2c8b000 	C:\WINDOWS\System32\GDI32.dll
0x00007ffff25e0000 - 0x00007ffff26ed000 	C:\WINDOWS\System32\gdi32full.dll
0x00007ffff24b0000 - 0x00007ffff254d000 	C:\WINDOWS\System32\msvcp_win.dll
0x00007ffff27b0000 - 0x00007ffff28b0000 	C:\WINDOWS\System32\ucrtbase.dll
0x00007fffc9660000 - 0x00007fffc98fa000 	C:\WINDOWS\WinSxS\amd64_microsoft.windows.common-controls_6595b64144ccf1df_6.0.19041.1110_none_60b5254171f9507e\COMCTL32.dll
0x00007ffff2b70000 - 0x00007ffff2ba0000 	C:\WINDOWS\System32\IMM32.DLL
0x0000000072980000 - 0x0000000072a52000 	C:\Program Files\jmonkeyplatform\jdk\jre\bin\msvcr100.dll
0x0000000072f90000 - 0x0000000073830000 	C:\Program Files\jmonkeyplatform\jdk\jre\bin\server\jvm.dll
0x00007ffff3960000 - 0x00007ffff3968000 	C:\WINDOWS\System32\PSAPI.DLL
0x00007fffde6c0000 - 0x00007fffde6ca000 	C:\WINDOWS\SYSTEM32\VERSION.dll
0x00007fffcbd10000 - 0x00007fffcbd37000 	C:\WINDOWS\SYSTEM32\WINMM.dll
0x00007fffda4f0000 - 0x00007fffda4f9000 	C:\WINDOWS\SYSTEM32\WSOCK32.dll
0x00007ffff4720000 - 0x00007ffff478b000 	C:\WINDOWS\System32\WS2_32.dll
0x0000000072ea0000 - 0x0000000072eaf000 	C:\Program Files\jmonkeyplatform\jdk\jre\bin\verify.dll
0x0000000072e70000 - 0x0000000072e99000 	C:\Program Files\jmonkeyplatform\jdk\jre\bin\java.dll
0x0000000072e50000 - 0x0000000072e66000 	C:\Program Files\jmonkeyplatform\jdk\jre\bin\zip.dll
0x00007ffff2f00000 - 0x00007ffff3644000 	C:\WINDOWS\System32\SHELL32.dll
0x00007ffff0070000 - 0x00007ffff0804000 	C:\WINDOWS\SYSTEM32\windows.storage.dll
0x00007ffff3990000 - 0x00007ffff3ce5000 	C:\WINDOWS\System32\combase.dll
0x00007ffff19d0000 - 0x00007ffff19fe000 	C:\WINDOWS\SYSTEM32\Wldp.dll
0x00007ffff3770000 - 0x00007ffff381d000 	C:\WINDOWS\System32\SHCORE.dll
0x00007ffff2a60000 - 0x00007ffff2ab5000 	C:\WINDOWS\System32\shlwapi.dll
0x00007ffff1ec0000 - 0x00007ffff1edf000 	C:\WINDOWS\SYSTEM32\profapi.dll
0x0000000072c70000 - 0x0000000072e08000 	C:\Program Files\jmonkeyplatform\jdk\jre\bin\awt.dll
0x00007ffff45f0000 - 0x00007ffff46bd000 	C:\WINDOWS\System32\OLEAUT32.dll
0x00007fffef790000 - 0x00007fffef820000 	C:\WINDOWS\SYSTEM32\apphelp.dll
0x00007fffef920000 - 0x00007fffef9be000 	C:\WINDOWS\system32\uxtheme.dll
0x00007ffff3650000 - 0x00007ffff3765000 	C:\WINDOWS\System32\MSCTF.dll
0x00007ffff2dd0000 - 0x00007ffff2efa000 	C:\WINDOWS\System32\ole32.dll
0x00007fffefe50000 - 0x00007fffefe62000 	C:\WINDOWS\SYSTEM32\kernel.appcore.dll
0x00007ffff2720000 - 0x00007ffff27a2000 	C:\WINDOWS\System32\bcryptPrimitives.dll
0x00007fffefa60000 - 0x00007fffefa8f000 	C:\WINDOWS\system32\DWMAPI.DLL
0x00007fffad2f0000 - 0x00007fffad415000 	C:\WINDOWS\system32\opengl32.dll
0x00007fffd5b30000 - 0x00007fffd5b5c000 	C:\WINDOWS\SYSTEM32\GLU32.dll
0x0000000072be0000 - 0x0000000072c27000 	C:\Program Files\jmonkeyplatform\jdk\jre\bin\fontmanager.dll
0x0000000072e30000 - 0x0000000072e4a000 	C:\Program Files\jmonkeyplatform\jdk\jre\bin\net.dll
0x00007ffff1730000 - 0x00007ffff179a000 	C:\WINDOWS\system32\mswsock.dll
0x0000000072e10000 - 0x0000000072e21000 	C:\Program Files\jmonkeyplatform\jdk\jre\bin\nio.dll
0x0000000072b90000 - 0x0000000072bd2000 	C:\Program Files\jmonkeyplatform\jdk\jre\bin\t2k.dll
0x00007fffcdf00000 - 0x00007fffcdff9000 	C:\WINDOWS\SYSTEM32\textinputframework.dll
0x00007fffef110000 - 0x00007fffef46e000 	C:\WINDOWS\System32\CoreUIComponents.dll
0x00007fffef550000 - 0x00007fffef642000 	C:\WINDOWS\System32\CoreMessaging.dll
0x00007ffff0c70000 - 0x00007ffff0ca3000 	C:\WINDOWS\SYSTEM32\ntmarta.dll
0x00007fffeea40000 - 0x00007fffeeb94000 	C:\WINDOWS\SYSTEM32\wintypes.dll
0x00007fffc3490000 - 0x00007fffc34f6000 	C:\WINDOWS\system32\Oleacc.dll
0x00007fffbe1f0000 - 0x00007fffbe408000 	C:\Users\ronum\OneDrive\Documents\Comp222\Assignment1\bulletjme.dll
0x0000000180000000 - 0x0000000180064000 	C:\Users\ronum\OneDrive\Documents\Comp222\Assignment1\OpenAL64.dll
0x000000001c900000 - 0x000000001c953000 	C:\Users\ronum\OneDrive\Documents\Comp222\Assignment1\lwjgl64.dll
0x00007fffebe40000 - 0x00007fffebeee000 	C:\WINDOWS\SYSTEM32\mscms.dll
0x00007fffebe20000 - 0x00007fffebe31000 	C:\WINDOWS\SYSTEM32\ColorAdapterClient.dll
0x00007ffff1e80000 - 0x00007ffff1eae000 	C:\WINDOWS\SYSTEM32\USERENV.dll
0x00007ffff44b0000 - 0x00007ffff4559000 	C:\WINDOWS\System32\clbcatq.dll
0x00007fffe48b0000 - 0x00007fffe48f4000 	C:\Windows\System32\Windows.Internal.Graphics.Display.DisplayColorManagement.dll
0x00007ffff1f80000 - 0x00007ffff1fce000 	C:\WINDOWS\System32\cfgmgr32.dll
0x00007fffe8320000 - 0x00007fffe8419000 	C:\Windows\System32\AppXDeploymentClient.dll
0x00007fff85d10000 - 0x00007fff86cd5000 	C:\WINDOWS\System32\DriverStore\FileRepository\64ih8682.inf_amd64_9e8d740de7ce5aee\ig9icd64.dll
0x00007ffff0870000 - 0x00007ffff0964000 	C:\WINDOWS\system32\dxgi.dll
0x00007fffe2880000 - 0x00007fffe2abf000 	C:\WINDOWS\System32\DriverStore\FileRepository\64ih8682.inf_amd64_9e8d740de7ce5aee\igdgmm64.dll
0x00007fffd2210000 - 0x00007fffd2253000 	C:\WINDOWS\SYSTEM32\icm32.dll
0x00007fffdfc10000 - 0x00007fffe2872000 	C:\WINDOWS\System32\DriverStore\FileRepository\64ih8682.inf_amd64_9e8d740de7ce5aee\igc64.dll
0x00007ffff14f0000 - 0x00007ffff153b000 	C:\WINDOWS\SYSTEM32\powrprof.dll
0x00007ffff13b0000 - 0x00007ffff13c2000 	C:\WINDOWS\SYSTEM32\UMPDC.dll
0x00007fffea630000 - 0x00007fffea6b5000 	C:\WINDOWS\System32\MMDevApi.dll
0x00007ffff1d20000 - 0x00007ffff1d54000 	C:\WINDOWS\System32\DEVOBJ.dll
0x00007fffc1130000 - 0x00007fffc11cc000 	C:\WINDOWS\SYSTEM32\dsound.dll
0x00007fffda450000 - 0x00007fffda476000 	C:\WINDOWS\SYSTEM32\winmmbase.dll
0x00007fffea6c0000 - 0x00007fffea841000 	C:\WINDOWS\SYSTEM32\AUDIOSES.DLL
0x00007fffefa90000 - 0x00007fffefaa4000 	C:\WINDOWS\SYSTEM32\resourcepolicyclient.dll
0x00007fffed7b0000 - 0x00007fffed994000 	C:\WINDOWS\SYSTEM32\dbghelp.dll

VM Arguments:
jvm_args: -Dfile.encoding=UTF-8 
java_command: mygame.AsteroidsMain
java_class_path (initial): C:\Program Files\jmonkeyplatform\jmonkeyplatform\libs\jme3-jogg-3.2.0-stable.jar;C:\Program Files\jmonkeyplatform\jmonkeyplatform\libs\j-ogg-all-1.0.0.jar;C:\Program Files\jmonkeyplatform\jmonkeyplatform\libs\jme3-networking-3.2.0-stable.jar;C:\Program Files\jmonkeyplatform\jmonkeyplatform\libs\jme3-plugins-3.2.0-stable.jar;C:\Program Files\jmonkeyplatform\jmonkeyplatform\libs\gson-2.8.1.jar;C:\Program Files\jmonkeyplatform\jmonkeyplatform\libs\jme3-core-3.2.0-stable.jar;C:\Program Files\jmonkeyplatform\jmonkeyplatform\libs\jme3-desktop-3.2.0-stable.jar;C:\Program Files\jmonkeyplatform\jmonkeyplatform\libs\jme3-lwjgl-3.2.0-stable.jar;C:\Program Files\jmonkeyplatform\jmonkeyplatform\libs\lwjgl-2.9.3.jar;C:\Program Files\jmonkeyplatform\jmonkeyplatform\libs\jinput-2.0.5.jar;C:\Program Files\jmonkeyplatform\jmonkeyplatform\libs\jinput-platform-2.0.5-natives-linux.jar;C:\Program Files\jmonkeyplatform\jmonkeyplatform\libs\jinput-platform-2.0.5-natives-windows.jar;C:\Program Files\jmonkeyplatform\jmonkeyplatform\libs\jinput-platform-2.0.5-natives-osx.jar;C:\Program Files\jmonkeyplatform\jmonkeyplatform\libs\jutils-1.0.0.jar;C:\Program Files\jmonkeyplatform\jmonkeyplatform\libs\lwjgl-platform-2.9.3-natives-windows.jar;C:\Program Files\jmonkeyplatform\jmonkeyplatform\libs\lwjgl-platform-2.9.3-natives-linux.jar;C:\Program Files\jmonkeyplatform\jmonkeyplatform\libs\lwjgl-platform-2.9.3-natives-osx.jar;C:\Program Files\jmonkeyplatform\jmonkeyplatform\libs\jme3-effects-3.2.0-stable.jar;C:\Program Files\jmonkeyplatform\jmonkeyplatform\libs\jme3-terrain-3.2.0-stable.jar;C:\Program Files\jmonkeyplatform\jmonkeyplatform\libs\jme3-bullet-3.2.0-stable.jar;C:\Program Files\jmonkeyplatform\jmonkeyplatform\libs\jme3-bullet-native-3.2.0-stable.jar;C:\Users\ronum\OneDrive\Documents\Comp222\Assignment1\build\classes;C:\Users\ronum\OneDrive\Documents\Comp222\Assignment1\assets
Launcher Type: SUN_STANDARD

Environment Variables:
PATH=C:\ProgramData\Oracle\Java\javapath;C:\Program Files\mingw-w64\mingw64\bin;C:\WINDOWS\system32;C:\WINDOWS;C:\WINDOWS\System32\Wbem;C:\WINDOWS\System32\WindowsPowerShell\v1.0\;C:\WINDOWS\System32\OpenSSH\;C:\Program Files\dotnet\;C:\Program Files\Microsoft SQL Server\130\Tools\Binn\;C:\Program Files\Microsoft SQL Server\Client SDK\ODBC\170\Tools\Binn\;C:\Program Files\nodejs\;C:\Program Files\MySQL\MySQL Shell 8.0\bin\;C:\Users\ronum\AppData\Local\Microsoft\WindowsApps;C:\Users\ronum\.dotnet\tools;C:\Users\ronum\AppData\Roaming\npm
USERNAME=ronum
OS=Windows_NT
PROCESSOR_IDENTIFIER=Intel64 Family 6 Model 142 Stepping 9, GenuineIntel



---------------  S Y S T E M  ---------------

OS: Windows 10.0 , 64 bit Build 19041 (10.0.19041.1348)

CPU:total 4 (initial active 4) (2 cores per cpu, 2 threads per core) family 6 model 142 stepping 9, cmov, cx8, fxsr, mmx, sse, sse2, sse3, ssse3, sse4.1, sse4.2, popcnt, avx, avx2, aes, clmul, erms, rtm, 3dnowpref, lzcnt, ht, tsc, tscinvbit, bmi1, bmi2, adx

Memory: 4k page, physical 8303728k(1402128k free), swap 32420976k(19000868k free)

vm_info: Java HotSpot(TM) 64-Bit Server VM (25.152-b16) for windows-amd64 JRE (1.8.0_152-b16), built on Sep 14 2017 02:29:36 by "java_re" with MS VC++ 10.0 (VS2010)

time: Mon Mar 28 12:05:24 2022
elapsed time: 80 seconds (0d 0h 1m 20s)

