#
# A fatal error has been detected by the Java Runtime Environment:
#
#  EXCEPTION_ACCESS_VIOLATION (0xc0000005) at pc=0x0000000002bba03a, pid=17312, tid=0x0000000000001ed4
#
# JRE version: Java(TM) SE Runtime Environment (8.0_152-b16) (build 1.8.0_152-b16)
# Java VM: Java HotSpot(TM) 64-Bit Server VM (25.152-b16 mixed mode windows-amd64 compressed oops)
# Problematic frame:
# v  ~BufferBlob::jni_fast_GetFloatField
#
# Failed to write core dump. Minidumps are not enabled by default on client versions of Windows
#
# If you would like to submit a bug report, please visit:
#   http://bugreport.java.com/bugreport/crash.jsp
# The crash happened outside the Java Virtual Machine in native code.
# See problematic frame for where to report the bug.
#

---------------  T H R E A D  ---------------

Current thread (0x0000000019bd8800):  JavaThread "jME3 Main" [_thread_in_native, id=7892, stack(0x000000001c510000,0x000000001c610000)]

siginfo: ExceptionCode=0xc0000005, reading address 0x0000000000000000

Registers:
RAX=0x0000000073734d50, RBX=0x000000002616d3c0, RCX=0x0000000019bd89f8, RDX=0x0000000000000000
RSP=0x000000001c60eb48, RBP=0x000000001c60ec90, RSI=0x0000000000000138, RDI=0x0000000002b5835d
R8 =0x0000000000000032, R9 =0x0000000000000000, R10=0x0000000000000022, R11=0x000000001c60eaf0
R12=0x0000000000000000, R13=0x000000002616d3c0, R14=0x000000001c60ecc8, R15=0x0000000019bd8800
RIP=0x0000000002bba03a, EFLAGS=0x0000000000010246

Top of Stack: (sp=0x000000001c60eb48)
0x000000001c60eb48:   00007fffbe0e7160 00007fffbe11db4a
0x000000001c60eb58:   0000000019bd8800 00000000192539a0
0x000000001c60eb68:   0000000019b5aa30 000000002616d3c0
0x000000001c60eb78:   00007fffbe0e5203 0000000019bd89f8
0x000000001c60eb88:   0000000000000000 0000000000000032
0x000000001c60eb98:   0000000019bd8800 000000000000000e
0x000000001c60eba8:   0000000019bd8800 000000002616d3c0
0x000000001c60ebb8:   00007fffbdfdd096 0000000019bd89f8
0x000000001c60ebc8:   0000000000000000 000000001c60ebf0
0x000000001c60ebd8:   0000000002b67e06 0000000021b9f9c0
0x000000001c60ebe8:   0000000019bd8800 000000002616d3c0
0x000000001c60ebf8:   0000000000000138 0000000000000138
0x000000001c60ec08:   0000000002b67f74 0000000019bd89f8
0x000000001c60ec18:   000000001c60ecc8 0000000021b9f9c0
0x000000001c60ec28:   0000000000000000 0000000000000138
0x000000001c60ec38:   0000000019bd8800 000000001c60ed28 

Instructions: (pc=0x0000000002bba03a)
0x0000000002bba01a:   00 00 00 00 00 00 44 8b 15 b1 84 be 70 4c 8b ca
0x0000000002bba02a:   41 f6 c2 01 0f 85 35 00 00 00 4d 33 ca 4d 33 ca
0x0000000002bba03a:   4d 8b 09 4d 8b d8 49 c1 eb 02 c4 81 7a 10 04 19
0x0000000002bba04a:   49 bb d8 24 7a 73 00 00 00 00 c4 e1 f9 7e c0 4c 


Register to memory mapping:

RAX=0x0000000073734d50 is an unknown value
RBX={method} {0x000000002616d3c8} 'setGravity' '(JLcom/jme3/math/Vector3f;)V' in 'com/jme3/bullet/objects/PhysicsRigidBody'
RCX=0x0000000019bd89f8 is an unknown value
RDX=0x0000000000000000 is an unknown value
RSP=0x000000001c60eb48 is pointing into the stack for thread: 0x0000000019bd8800
RBP=0x000000001c60ec90 is pointing into the stack for thread: 0x0000000019bd8800
RSI=0x0000000000000138 is an unknown value
RDI=0x0000000002b5835d is at code_begin+2301 in an Interpreter codelet
invoke return entry points  [0x0000000002b57a60, 0x0000000002b58440]  2528 bytes
R8 =0x0000000000000032 is an unknown value
R9 =0x0000000000000000 is an unknown value
R10=0x0000000000000022 is an unknown value
R11=0x000000001c60eaf0 is pointing into the stack for thread: 0x0000000019bd8800
R12=0x0000000000000000 is an unknown value
R13={method} {0x000000002616d3c8} 'setGravity' '(JLcom/jme3/math/Vector3f;)V' in 'com/jme3/bullet/objects/PhysicsRigidBody'
R14=0x000000001c60ecc8 is pointing into the stack for thread: 0x0000000019bd8800
R15=0x0000000019bd8800 is a thread


Stack: [0x000000001c510000,0x000000001c610000],  sp=0x000000001c60eb48,  free space=1018k
Native frames: (J=compiled Java code, j=interpreted, Vv=VM code, C=native code)
C  0x0000000002bba03a

Java frames: (J=compiled Java code, j=interpreted, Vv=VM code)
j  com.jme3.bullet.objects.PhysicsRigidBody.setGravity(JLcom/jme3/math/Vector3f;)V+0
j  com.jme3.bullet.objects.PhysicsRigidBody.setGravity(Lcom/jme3/math/Vector3f;)V+6
j  mygame.AsteroidsMain.shootBullet()V+82
j  mygame.AsteroidsMain$1.onAction(Ljava/lang/String;ZF)V+56
j  com.jme3.input.InputManager.invokeActions(IZ)V+105
j  com.jme3.input.InputManager.onKeyEventQueued(Lcom/jme3/input/event/KeyInputEvent;)V+22
J 2028 C1 com.jme3.input.InputManager.processQueue()V (437 bytes) @ 0x000000000318967c [0x00000000031868c0+0x2dbc]
J 1990 C1 com.jme3.input.InputManager.update(F)V (123 bytes) @ 0x000000000314f214 [0x000000000314ed00+0x514]
J 1987 C1 com.jme3.app.LegacyApplication.update()V (137 bytes) @ 0x0000000003164474 [0x0000000003163700+0xd74]
J 1986 C1 com.jme3.app.SimpleApplication.update()V (235 bytes) @ 0x000000000316184c [0x00000000031616c0+0x18c]
J 1985 C1 com.jme3.system.lwjgl.LwjglAbstractDisplay.runLoop()V (141 bytes) @ 0x000000000315468c [0x0000000003154420+0x26c]
J 1983 C1 com.jme3.system.lwjgl.LwjglDisplay.runLoop()V (108 bytes) @ 0x000000000315f84c [0x000000000315ce80+0x29cc]
j  com.jme3.system.lwjgl.LwjglAbstractDisplay.run()V+136
j  java.lang.Thread.run()V+11
v  ~StubRoutines::call_stub

---------------  P R O C E S S  ---------------

Java Threads: ( => current thread )
  0x0000000019d4a000 JavaThread "jME3 Audio Decoder" daemon [_thread_blocked, id=15124, stack(0x0000000026750000,0x0000000026850000)]
  0x0000000002a52800 JavaThread "DestroyJavaVM" [_thread_blocked, id=6460, stack(0x0000000002920000,0x0000000002a20000)]
=>0x0000000019bd8800 JavaThread "jME3 Main" [_thread_in_native, id=7892, stack(0x000000001c510000,0x000000001c610000)]
  0x0000000019b3c800 JavaThread "TimerQueue" daemon [_thread_blocked, id=5264, stack(0x000000001bb10000,0x000000001bc10000)]
  0x0000000019881800 JavaThread "AWT-Windows" daemon [_thread_in_native, id=23724, stack(0x000000001a150000,0x000000001a250000)]
  0x000000001987e800 JavaThread "Java2D Disposer" daemon [_thread_blocked, id=21348, stack(0x0000000019f50000,0x000000001a050000)]
  0x0000000019048800 JavaThread "Service Thread" daemon [_thread_blocked, id=10348, stack(0x0000000019410000,0x0000000019510000)]
  0x00000000176d3000 JavaThread "C1 CompilerThread2" daemon [_thread_blocked, id=14164, stack(0x0000000018f10000,0x0000000019010000)]
  0x00000000176bf000 JavaThread "C2 CompilerThread1" daemon [_thread_in_native, id=11376, stack(0x0000000018e10000,0x0000000018f10000)]
  0x00000000176ba000 JavaThread "C2 CompilerThread0" daemon [_thread_in_native, id=23936, stack(0x0000000018d10000,0x0000000018e10000)]
  0x00000000176c8800 JavaThread "Attach Listener" daemon [_thread_blocked, id=14756, stack(0x0000000018c10000,0x0000000018d10000)]
  0x00000000176c7000 JavaThread "Signal Dispatcher" daemon [_thread_blocked, id=10536, stack(0x0000000018b10000,0x0000000018c10000)]
  0x0000000002b4d800 JavaThread "Finalizer" daemon [_thread_blocked, id=19128, stack(0x0000000018910000,0x0000000018a10000)]
  0x0000000002b42000 JavaThread "Reference Handler" daemon [_thread_blocked, id=11876, stack(0x0000000018810000,0x0000000018910000)]

Other Threads:
  0x0000000017687800 VMThread [stack: 0x0000000018710000,0x0000000018810000] [id=15072]
  0x000000001771e800 WatcherThread [stack: 0x0000000019510000,0x0000000019610000] [id=24740]

VM state:not at safepoint (normal execution)

VM Mutex/Monitor currently owned by a thread: None

Heap:
 PSYoungGen      total 38400K, used 14488K [0x00000000d5c00000, 0x00000000d8680000, 0x0000000100000000)
  eden space 33280K, 28% used [0x00000000d5c00000,0x00000000d6526f78,0x00000000d7c80000)
  from space 5120K, 99% used [0x00000000d7c80000,0x00000000d817f330,0x00000000d8180000)
  to   space 5120K, 0% used [0x00000000d8180000,0x00000000d8180000,0x00000000d8680000)
 ParOldGen       total 87552K, used 3840K [0x0000000081400000, 0x0000000086980000, 0x00000000d5c00000)
  object space 87552K, 4% used [0x0000000081400000,0x00000000817c00c0,0x0000000086980000)
 Metaspace       used 18971K, capacity 19201K, committed 19712K, reserved 1067008K
  class space    used 2155K, capacity 2238K, committed 2304K, reserved 1048576K

Card table byte_map: [0x0000000011f10000,0x0000000012310000] byte_map_base: 0x0000000011b06000

Marking Bits: (ParMarkBitMap*) 0x00000000737b0860
 Begin Bits: [0x00000000129c0000, 0x0000000014970000)
 End Bits:   [0x0000000014970000, 0x0000000016920000)

Polling page: 0x0000000001100000

CodeCache: size=245760Kb used=6796Kb max_used=6796Kb free=238963Kb
 bounds [0x0000000002b50000, 0x0000000003200000, 0x0000000011b50000]
 total_blobs=2823 nmethods=2170 adapters=565
 compilation: enabled

Compilation events (10 events):
Event: 9.462 Thread 0x00000000176d3000 2170       3       java.util.IdentityHashMap::put (137 bytes)
Event: 9.463 Thread 0x00000000176d3000 nmethod 2170 0x00000000031f6790 code [0x00000000031f6980, 0x00000000031f7378]
Event: 9.463 Thread 0x00000000176d3000 2171       3       java.util.HashMap::entrySet (27 bytes)
Event: 9.463 Thread 0x00000000176d3000 nmethod 2171 0x00000000031f77d0 code [0x00000000031f7960, 0x00000000031f7d10]
Event: 9.463 Thread 0x00000000176d3000 2172       3       java.util.HashMap$EntrySet::iterator (12 bytes)
Event: 9.463 Thread 0x00000000176d3000 nmethod 2172 0x00000000031f7ed0 code [0x00000000031f8040, 0x00000000031f82a8]
Event: 9.474 Thread 0x00000000176d3000 2173       3       java.util.logging.LogManager$LoggerContext::getRootLogger (8 bytes)
Event: 9.474 Thread 0x00000000176d3000 nmethod 2173 0x00000000031f8390 code [0x00000000031f84e0, 0x00000000031f86f0]
Event: 9.474 Thread 0x00000000176d3000 2174       3       java.util.logging.LogManager$LoggerContext::getGlobalLogger (6 bytes)
Event: 9.474 Thread 0x00000000176d3000 nmethod 2174 0x00000000031f8790 code [0x00000000031f88e0, 0x00000000031f8a30]

GC Heap History (2 events):
Event: 3.258 GC heap before
{Heap before GC invocations=1 (full 0):
 PSYoungGen      total 38400K, used 33280K [0x00000000d5c00000, 0x00000000d8680000, 0x0000000100000000)
  eden space 33280K, 100% used [0x00000000d5c00000,0x00000000d7c80000,0x00000000d7c80000)
  from space 5120K, 0% used [0x00000000d8180000,0x00000000d8180000,0x00000000d8680000)
  to   space 5120K, 0% used [0x00000000d7c80000,0x00000000d7c80000,0x00000000d8180000)
 ParOldGen       total 87552K, used 0K [0x0000000081400000, 0x0000000086980000, 0x00000000d5c00000)
  object space 87552K, 0% used [0x0000000081400000,0x0000000081400000,0x0000000086980000)
 Metaspace       used 18050K, capacity 18243K, committed 18688K, reserved 1064960K
  class space    used 2113K, capacity 2201K, committed 2304K, reserved 1048576K
Event: 3.265 GC heap after
Heap after GC invocations=1 (full 0):
 PSYoungGen      total 38400K, used 5116K [0x00000000d5c00000, 0x00000000d8680000, 0x0000000100000000)
  eden space 33280K, 0% used [0x00000000d5c00000,0x00000000d5c00000,0x00000000d7c80000)
  from space 5120K, 99% used [0x00000000d7c80000,0x00000000d817f330,0x00000000d8180000)
  to   space 5120K, 0% used [0x00000000d8180000,0x00000000d8180000,0x00000000d8680000)
 ParOldGen       total 87552K, used 3840K [0x0000000081400000, 0x0000000086980000, 0x00000000d5c00000)
  object space 87552K, 4% used [0x0000000081400000,0x00000000817c00c0,0x0000000086980000)
 Metaspace       used 18050K, capacity 18243K, committed 18688K, reserved 1064960K
  class space    used 2113K, capacity 2201K, committed 2304K, reserved 1048576K
}

Deoptimization events (10 events):
Event: 7.078 Thread 0x0000000019bd8800 Uncommon trap: reason=unstable_if action=reinterpret pc=0x0000000002eaa154 method=java.util.HashMap.putVal(ILjava/lang/Object;Ljava/lang/Object;ZZ)Ljava/lang/Object; @ 94
Event: 7.095 Thread 0x0000000019bd8800 Uncommon trap: reason=unstable_if action=reinterpret pc=0x0000000002e74b1c method=java.util.HashMap.putVal(ILjava/lang/Object;Ljava/lang/Object;ZZ)Ljava/lang/Object; @ 94
Event: 7.148 Thread 0x0000000019bd8800 Uncommon trap: reason=bimorphic action=maybe_recompile pc=0x0000000002f581e0 method=java.util.regex.Pattern$Start.match(Ljava/util/regex/Matcher;ILjava/lang/CharSequence;)Z @ 44
Event: 8.014 Thread 0x0000000019bd8800 Uncommon trap: reason=unstable_if action=reinterpret pc=0x00000000030fe2cc method=com.jme3.renderer.opengl.GLRenderer.setVertexAttrib(Lcom/jme3/scene/VertexBuffer;Lcom/jme3/scene/VertexBuffer;)V @ 212
Event: 9.226 Thread 0x0000000019bd8800 Uncommon trap: reason=unstable_if action=reinterpret pc=0x00000000030f2718 method=com.jme3.scene.Spatial.checkDoTransformUpdate()V @ 6
Event: 9.226 Thread 0x0000000019bd8800 Uncommon trap: reason=unstable_if action=reinterpret pc=0x00000000031b3e04 method=com.jme3.scene.Spatial.checkDoTransformUpdate()V @ 6
Event: 9.226 Thread 0x0000000019bd8800 Uncommon trap: reason=unstable_if action=reinterpret pc=0x00000000031dd6c0 method=com.jme3.math.Quaternion.getRotationColumn(ILcom/jme3/math/Vector3f;)Lcom/jme3/math/Vector3f; @ 20
Event: 9.226 Thread 0x0000000019bd8800 Uncommon trap: reason=unstable_if action=reinterpret pc=0x00000000030edea4 method=com.jme3.math.Quaternion.getRotationColumn(ILcom/jme3/math/Vector3f;)Lcom/jme3/math/Vector3f; @ 20
Event: 9.226 Thread 0x0000000019bd8800 Uncommon trap: reason=unstable_if action=reinterpret pc=0x00000000031a95a0 method=com.jme3.math.Vector3f.normalizeLocal()Lcom/jme3/math/Vector3f; @ 33
Event: 9.226 Thread 0x0000000019bd8800 Uncommon trap: reason=unstable_if action=reinterpret pc=0x00000000031717d8 method=com.jme3.scene.Spatial.checkDoBoundUpdate()V @ 6

Classes redefined (0 events):
No events

Internal exceptions (10 events):
Event: 0.219 Thread 0x0000000002a52800 Exception <a 'java/lang/NoSuchFieldError': method resolution failed> (0x00000000d6014518) thrown at [C:\re\workspace\8-2-build-windows-amd64-cygwin\jdk8u152\9742\hotspot\src\share\vm\prims\methodHandles.cpp, line 1167]
Event: 0.275 Thread 0x000000001988b000 Exception <a 'java/io/FileNotFoundException'> (0x00000000d6209258) thrown at [C:\re\workspace\8-2-build-windows-amd64-cygwin\jdk8u152\9742\hotspot\src\share\vm\prims\jni.cpp, line 709]
Event: 0.309 Thread 0x000000001988b000 Exception <a 'java/lang/NoClassDefFoundError'> (0x00000000d62b6fb8) thrown at [C:\re\workspace\8-2-build-windows-amd64-cygwin\jdk8u152\9742\hotspot\src\share\vm\prims\jvm.cpp, line 1394]
Event: 2.704 Thread 0x0000000019bd8800 Exception <a 'java/security/PrivilegedActionException'> (0x00000000d737d388) thrown at [C:\re\workspace\8-2-build-windows-amd64-cygwin\jdk8u152\9742\hotspot\src\share\vm\prims\jvm.cpp, line 1390]
Event: 2.704 Thread 0x0000000019bd8800 Exception <a 'java/security/PrivilegedActionException'> (0x00000000d737eef8) thrown at [C:\re\workspace\8-2-build-windows-amd64-cygwin\jdk8u152\9742\hotspot\src\share\vm\prims\jvm.cpp, line 1390]
Event: 2.705 Thread 0x0000000019bd8800 Exception <a 'java/security/PrivilegedActionException'> (0x00000000d7380018) thrown at [C:\re\workspace\8-2-build-windows-amd64-cygwin\jdk8u152\9742\hotspot\src\share\vm\prims\jvm.cpp, line 1390]
Event: 2.705 Thread 0x0000000019bd8800 Exception <a 'java/security/PrivilegedActionException'> (0x00000000d7385138) thrown at [C:\re\workspace\8-2-build-windows-amd64-cygwin\jdk8u152\9742\hotspot\src\share\vm\prims\jvm.cpp, line 1390]
Event: 2.705 Thread 0x0000000019bd8800 Exception <a 'java/security/PrivilegedActionException'> (0x00000000d7385d90) thrown at [C:\re\workspace\8-2-build-windows-amd64-cygwin\jdk8u152\9742\hotspot\src\share\vm\prims\jvm.cpp, line 1390]
Event: 2.705 Thread 0x0000000019bd8800 Exception <a 'java/security/PrivilegedActionException'> (0x00000000d73869b8) thrown at [C:\re\workspace\8-2-build-windows-amd64-cygwin\jdk8u152\9742\hotspot\src\share\vm\prims\jvm.cpp, line 1390]
Event: 9.474 Thread 0x0000000019bd8800 Exception <a 'java/lang/NullPointerException': > (0x00000000d651b6a0) thrown at [C:\re\workspace\8-2-build-windows-amd64-cygwin\jdk8u152\9742\hotspot\src\share\vm\prims\jni.cpp, line 735]

Events (10 events):
Event: 9.226 Thread 0x0000000019bd8800 DEOPT UNPACKING pc=0x0000000002b9582a sp=0x000000001c60ede0 mode 2
Event: 9.226 Thread 0x0000000019bd8800 Uncommon trap: trap_request=0xffffff65 fr.pc=0x00000000030edea4
Event: 9.226 Thread 0x0000000019bd8800 DEOPT PACKING pc=0x00000000030edea4 sp=0x000000001c60ee90
Event: 9.226 Thread 0x0000000019bd8800 DEOPT UNPACKING pc=0x0000000002b9582a sp=0x000000001c60ede0 mode 2
Event: 9.226 Thread 0x0000000019bd8800 Uncommon trap: trap_request=0xffffff65 fr.pc=0x00000000031a95a0
Event: 9.226 Thread 0x0000000019bd8800 DEOPT PACKING pc=0x00000000031a95a0 sp=0x000000001c60ecf0
Event: 9.226 Thread 0x0000000019bd8800 DEOPT UNPACKING pc=0x0000000002b9582a sp=0x000000001c60ec88 mode 2
Event: 9.226 Thread 0x0000000019bd8800 Uncommon trap: trap_request=0xffffff65 fr.pc=0x00000000031717d8
Event: 9.226 Thread 0x0000000019bd8800 DEOPT PACKING pc=0x00000000031717d8 sp=0x000000001c60ee80
Event: 9.226 Thread 0x0000000019bd8800 DEOPT UNPACKING pc=0x0000000002b9582a sp=0x000000001c60ee00 mode 2


Dynamic libraries:
0x00007ff7f0140000 - 0x00007ff7f0177000 	C:\Program Files\jmonkeyplatform\jdk\bin\java.exe
0x00007ffff4870000 - 0x00007ffff4a65000 	C:\WINDOWS\SYSTEM32\ntdll.dll
0x00007ffff2ba0000 - 0x00007ffff2c5e000 	C:\WINDOWS\System32\KERNEL32.DLL
0x00007ffff1fd0000 - 0x00007ffff2298000 	C:\WINDOWS\System32\KERNELBASE.dll
0x00007ffff2ac0000 - 0x00007ffff2b6c000 	C:\WINDOWS\System32\ADVAPI32.dll
0x00007ffff4790000 - 0x00007ffff482e000 	C:\WINDOWS\System32\msvcrt.dll
0x00007ffff3cf0000 - 0x00007ffff3d8b000 	C:\WINDOWS\System32\sechost.dll
0x00007ffff2ca0000 - 0x00007ffff2dca000 	C:\WINDOWS\System32\RPCRT4.dll
0x00007ffff3d90000 - 0x00007ffff3f31000 	C:\WINDOWS\System32\USER32.dll
0x00007ffff25b0000 - 0x00007ffff25d2000 	C:\WINDOWS\System32\win32u.dll
0x00007ffff2c60000 - 0x00007ffff2c8b000 	C:\WINDOWS\System32\GDI32.dll
0x00007ffff25e0000 - 0x00007ffff26ed000 	C:\WINDOWS\System32\gdi32full.dll
0x00007ffff24b0000 - 0x00007ffff254d000 	C:\WINDOWS\System32\msvcp_win.dll
0x00007ffff27b0000 - 0x00007ffff28b0000 	C:\WINDOWS\System32\ucrtbase.dll
0x00007fffc9660000 - 0x00007fffc98fa000 	C:\WINDOWS\WinSxS\amd64_microsoft.windows.common-controls_6595b64144ccf1df_6.0.19041.1110_none_60b5254171f9507e\COMCTL32.dll
0x00007ffff2b70000 - 0x00007ffff2ba0000 	C:\WINDOWS\System32\IMM32.DLL
0x0000000072980000 - 0x0000000072a52000 	C:\Program Files\jmonkeyplatform\jdk\jre\bin\msvcr100.dll
0x0000000072f90000 - 0x0000000073830000 	C:\Program Files\jmonkeyplatform\jdk\jre\bin\server\jvm.dll
0x00007ffff3960000 - 0x00007ffff3968000 	C:\WINDOWS\System32\PSAPI.DLL
0x00007fffcbd10000 - 0x00007fffcbd37000 	C:\WINDOWS\SYSTEM32\WINMM.dll
0x00007fffda4f0000 - 0x00007fffda4f9000 	C:\WINDOWS\SYSTEM32\WSOCK32.dll
0x00007fffde6c0000 - 0x00007fffde6ca000 	C:\WINDOWS\SYSTEM32\VERSION.dll
0x00007ffff4720000 - 0x00007ffff478b000 	C:\WINDOWS\System32\WS2_32.dll
0x0000000072ea0000 - 0x0000000072eaf000 	C:\Program Files\jmonkeyplatform\jdk\jre\bin\verify.dll
0x0000000072e70000 - 0x0000000072e99000 	C:\Program Files\jmonkeyplatform\jdk\jre\bin\java.dll
0x0000000072e50000 - 0x0000000072e66000 	C:\Program Files\jmonkeyplatform\jdk\jre\bin\zip.dll
0x00007ffff2f00000 - 0x00007ffff3644000 	C:\WINDOWS\System32\SHELL32.dll
0x00007ffff0070000 - 0x00007ffff0804000 	C:\WINDOWS\SYSTEM32\windows.storage.dll
0x00007ffff3990000 - 0x00007ffff3ce5000 	C:\WINDOWS\System32\combase.dll
0x00007ffff19d0000 - 0x00007ffff19fe000 	C:\WINDOWS\SYSTEM32\Wldp.dll
0x00007ffff3770000 - 0x00007ffff381d000 	C:\WINDOWS\System32\SHCORE.dll
0x00007ffff2a60000 - 0x00007ffff2ab5000 	C:\WINDOWS\System32\shlwapi.dll
0x00007ffff1ec0000 - 0x00007ffff1edf000 	C:\WINDOWS\SYSTEM32\profapi.dll
0x0000000072c70000 - 0x0000000072e08000 	C:\Program Files\jmonkeyplatform\jdk\jre\bin\awt.dll
0x00007ffff45f0000 - 0x00007ffff46bd000 	C:\WINDOWS\System32\OLEAUT32.dll
0x00007fffef790000 - 0x00007fffef820000 	C:\WINDOWS\SYSTEM32\apphelp.dll
0x00007fffef920000 - 0x00007fffef9be000 	C:\WINDOWS\system32\uxtheme.dll
0x00007ffff3650000 - 0x00007ffff3765000 	C:\WINDOWS\System32\MSCTF.dll
0x00007ffff2dd0000 - 0x00007ffff2efa000 	C:\WINDOWS\System32\ole32.dll
0x00007fffefe50000 - 0x00007fffefe62000 	C:\WINDOWS\SYSTEM32\kernel.appcore.dll
0x00007ffff2720000 - 0x00007ffff27a2000 	C:\WINDOWS\System32\bcryptPrimitives.dll
0x00007fffefa60000 - 0x00007fffefa8f000 	C:\WINDOWS\system32\DWMAPI.DLL
0x00007fffad2f0000 - 0x00007fffad415000 	C:\WINDOWS\system32\opengl32.dll
0x00007fffd5b30000 - 0x00007fffd5b5c000 	C:\WINDOWS\SYSTEM32\GLU32.dll
0x0000000072be0000 - 0x0000000072c27000 	C:\Program Files\jmonkeyplatform\jdk\jre\bin\fontmanager.dll
0x0000000072e30000 - 0x0000000072e4a000 	C:\Program Files\jmonkeyplatform\jdk\jre\bin\net.dll
0x00007ffff1730000 - 0x00007ffff179a000 	C:\WINDOWS\system32\mswsock.dll
0x0000000072e10000 - 0x0000000072e21000 	C:\Program Files\jmonkeyplatform\jdk\jre\bin\nio.dll
0x0000000072b90000 - 0x0000000072bd2000 	C:\Program Files\jmonkeyplatform\jdk\jre\bin\t2k.dll
0x00007fffcdf00000 - 0x00007fffcdff9000 	C:\WINDOWS\SYSTEM32\textinputframework.dll
0x00007fffef550000 - 0x00007fffef642000 	C:\WINDOWS\System32\CoreMessaging.dll
0x00007fffef110000 - 0x00007fffef46e000 	C:\WINDOWS\System32\CoreUIComponents.dll
0x00007fffeea40000 - 0x00007fffeeb94000 	C:\WINDOWS\SYSTEM32\wintypes.dll
0x00007ffff0c70000 - 0x00007ffff0ca3000 	C:\WINDOWS\SYSTEM32\ntmarta.dll
0x00007fffc3490000 - 0x00007fffc34f6000 	C:\WINDOWS\system32\Oleacc.dll
0x00007fffbdf50000 - 0x00007fffbe168000 	C:\Users\ronum\OneDrive\Documents\Comp222\Assignment1\bulletjme.dll
0x0000000180000000 - 0x0000000180064000 	C:\Users\ronum\OneDrive\Documents\Comp222\Assignment1\OpenAL64.dll
0x000000001c640000 - 0x000000001c693000 	C:\Users\ronum\OneDrive\Documents\Comp222\Assignment1\lwjgl64.dll
0x00007fffebe40000 - 0x00007fffebeee000 	C:\WINDOWS\SYSTEM32\mscms.dll
0x00007fffebe20000 - 0x00007fffebe31000 	C:\WINDOWS\SYSTEM32\ColorAdapterClient.dll
0x00007ffff1e80000 - 0x00007ffff1eae000 	C:\WINDOWS\SYSTEM32\USERENV.dll
0x00007ffff44b0000 - 0x00007ffff4559000 	C:\WINDOWS\System32\clbcatq.dll
0x00007fffe48b0000 - 0x00007fffe48f4000 	C:\Windows\System32\Windows.Internal.Graphics.Display.DisplayColorManagement.dll
0x00007ffff1f80000 - 0x00007ffff1fce000 	C:\WINDOWS\System32\cfgmgr32.dll
0x00007fffe8320000 - 0x00007fffe8419000 	C:\Windows\System32\AppXDeploymentClient.dll
0x00007fff85d10000 - 0x00007fff86cd5000 	C:\WINDOWS\System32\DriverStore\FileRepository\64ih8682.inf_amd64_9e8d740de7ce5aee\ig9icd64.dll
0x00007ffff0870000 - 0x00007ffff0964000 	C:\WINDOWS\system32\dxgi.dll
0x00007fffe2880000 - 0x00007fffe2abf000 	C:\WINDOWS\System32\DriverStore\FileRepository\64ih8682.inf_amd64_9e8d740de7ce5aee\igdgmm64.dll
0x00007fffd2210000 - 0x00007fffd2253000 	C:\WINDOWS\SYSTEM32\icm32.dll
0x00007fffa2f70000 - 0x00007fffa3385000 	C:\WINDOWS\System32\DriverStore\FileRepository\64ih8682.inf_amd64_9e8d740de7ce5aee\igdml64.dll
0x00007fffdfc10000 - 0x00007fffe2872000 	C:\WINDOWS\System32\DriverStore\FileRepository\64ih8682.inf_amd64_9e8d740de7ce5aee\igc64.dll
0x00007ffff14f0000 - 0x00007ffff153b000 	C:\WINDOWS\SYSTEM32\powrprof.dll
0x00007ffff13b0000 - 0x00007ffff13c2000 	C:\WINDOWS\SYSTEM32\UMPDC.dll
0x00007fffea630000 - 0x00007fffea6b5000 	C:\WINDOWS\System32\MMDevApi.dll
0x00007ffff1d20000 - 0x00007ffff1d54000 	C:\WINDOWS\System32\DEVOBJ.dll
0x00007fffc1130000 - 0x00007fffc11cc000 	C:\WINDOWS\SYSTEM32\dsound.dll
0x00007fffda450000 - 0x00007fffda476000 	C:\WINDOWS\SYSTEM32\winmmbase.dll
0x00007fffea6c0000 - 0x00007fffea841000 	C:\WINDOWS\SYSTEM32\AUDIOSES.DLL
0x00007fffefa90000 - 0x00007fffefaa4000 	C:\WINDOWS\SYSTEM32\resourcepolicyclient.dll
0x00007fffed7b0000 - 0x00007fffed994000 	C:\WINDOWS\SYSTEM32\dbghelp.dll

VM Arguments:
jvm_args: -Dfile.encoding=UTF-8 
java_command: mygame.AsteroidsMain
java_class_path (initial): C:\Program Files\jmonkeyplatform\jmonkeyplatform\libs\jme3-jogg-3.2.0-stable.jar;C:\Program Files\jmonkeyplatform\jmonkeyplatform\libs\j-ogg-all-1.0.0.jar;C:\Program Files\jmonkeyplatform\jmonkeyplatform\libs\jme3-networking-3.2.0-stable.jar;C:\Program Files\jmonkeyplatform\jmonkeyplatform\libs\jme3-plugins-3.2.0-stable.jar;C:\Program Files\jmonkeyplatform\jmonkeyplatform\libs\gson-2.8.1.jar;C:\Program Files\jmonkeyplatform\jmonkeyplatform\libs\jme3-core-3.2.0-stable.jar;C:\Program Files\jmonkeyplatform\jmonkeyplatform\libs\jme3-desktop-3.2.0-stable.jar;C:\Program Files\jmonkeyplatform\jmonkeyplatform\libs\jme3-lwjgl-3.2.0-stable.jar;C:\Program Files\jmonkeyplatform\jmonkeyplatform\libs\lwjgl-2.9.3.jar;C:\Program Files\jmonkeyplatform\jmonkeyplatform\libs\jinput-2.0.5.jar;C:\Program Files\jmonkeyplatform\jmonkeyplatform\libs\jinput-platform-2.0.5-natives-linux.jar;C:\Program Files\jmonkeyplatform\jmonkeyplatform\libs\jinput-platform-2.0.5-natives-windows.jar;C:\Program Files\jmonkeyplatform\jmonkeyplatform\libs\jinput-platform-2.0.5-natives-osx.jar;C:\Program Files\jmonkeyplatform\jmonkeyplatform\libs\jutils-1.0.0.jar;C:\Program Files\jmonkeyplatform\jmonkeyplatform\libs\lwjgl-platform-2.9.3-natives-windows.jar;C:\Program Files\jmonkeyplatform\jmonkeyplatform\libs\lwjgl-platform-2.9.3-natives-linux.jar;C:\Program Files\jmonkeyplatform\jmonkeyplatform\libs\lwjgl-platform-2.9.3-natives-osx.jar;C:\Program Files\jmonkeyplatform\jmonkeyplatform\libs\jme3-effects-3.2.0-stable.jar;C:\Program Files\jmonkeyplatform\jmonkeyplatform\libs\jme3-terrain-3.2.0-stable.jar;C:\Program Files\jmonkeyplatform\jmonkeyplatform\libs\jme3-bullet-3.2.0-stable.jar;C:\Program Files\jmonkeyplatform\jmonkeyplatform\libs\jme3-bullet-native-3.2.0-stable.jar;C:\Users\ronum\OneDrive\Documents\Comp222\Assignment1\build\classes;C:\Users\ronum\OneDrive\Documents\Comp222\Assignment1\assets
Launcher Type: SUN_STANDARD

Environment Variables:
PATH=C:\ProgramData\Oracle\Java\javapath;C:\Program Files\mingw-w64\mingw64\bin;C:\WINDOWS\system32;C:\WINDOWS;C:\WINDOWS\System32\Wbem;C:\WINDOWS\System32\WindowsPowerShell\v1.0\;C:\WINDOWS\System32\OpenSSH\;C:\Program Files\dotnet\;C:\Program Files\Microsoft SQL Server\130\Tools\Binn\;C:\Program Files\Microsoft SQL Server\Client SDK\ODBC\170\Tools\Binn\;C:\Program Files\nodejs\;C:\Program Files\MySQL\MySQL Shell 8.0\bin\;C:\Users\ronum\AppData\Local\Microsoft\WindowsApps;C:\Users\ronum\.dotnet\tools;C:\Users\ronum\AppData\Roaming\npm
USERNAME=ronum
OS=Windows_NT
PROCESSOR_IDENTIFIER=Intel64 Family 6 Model 142 Stepping 9, GenuineIntel



---------------  S Y S T E M  ---------------

OS: Windows 10.0 , 64 bit Build 19041 (10.0.19041.1348)

CPU:total 4 (initial active 4) (2 cores per cpu, 2 threads per core) family 6 model 142 stepping 9, cmov, cx8, fxsr, mmx, sse, sse2, sse3, ssse3, sse4.1, sse4.2, popcnt, avx, avx2, aes, clmul, erms, rtm, 3dnowpref, lzcnt, ht, tsc, tscinvbit, bmi1, bmi2, adx

Memory: 4k page, physical 8303728k(1594572k free), swap 32420976k(19059064k free)

vm_info: Java HotSpot(TM) 64-Bit Server VM (25.152-b16) for windows-amd64 JRE (1.8.0_152-b16), built on Sep 14 2017 02:29:36 by "java_re" with MS VC++ 10.0 (VS2010)

time: Sun Mar 27 19:48:58 2022
elapsed time: 9 seconds (0d 0h 0m 9s)

